<?xml version="1.0" encoding="UTF-8"?>
<testng-results ignored="1" total="2" passed="0" failed="1" skipped="0">
  <reporter-output>
  </reporter-output>
  <suite started-at="2023-09-22T17:59:39 IST" name="Default suite" finished-at="2023-09-22T17:59:40 IST" duration-ms="261">
    <groups>
    </groups>
    <test started-at="2023-09-22T17:59:39 IST" name="Default test" finished-at="2023-09-22T17:59:40 IST" duration-ms="261">
      <class name="FileConnectionCode.ExcelFileReader">
        <test-method signature="write()[pri:1, instance:FileConnectionCode.ExcelFileReader@61df66b6]" started-at="2023-09-22T17:59:39 IST" name="write" finished-at="2023-09-22T17:59:40 IST" duration-ms="197" status="FAIL">
          <exception class="org.apache.poi.EmptyFileException">
            <message>
              <![CDATA[The supplied file was empty (zero bytes long)]]>
            </message>
            <full-stacktrace>
              <![CDATA[org.apache.poi.EmptyFileException: The supplied file was empty (zero bytes long)
at org.apache.poi.util.IOUtils.peekFirstNBytes(IOUtils.java:144)
at org.apache.poi.poifs.filesystem.FileMagic.valueOf(FileMagic.java:209)
at org.apache.poi.openxml4j.opc.internal.ZipHelper.verifyZipHeader(ZipHelper.java:143)
at org.apache.poi.openxml4j.opc.internal.ZipHelper.openZipFile(ZipHelper.java:201)
at org.apache.poi.openxml4j.opc.ZipPackage.<init>(ZipPackage.java:166)
at org.apache.poi.openxml4j.opc.OPCPackage.open(OPCPackage.java:285)
at org.apache.poi.openxml4j.opc.OPCPackage.open(OPCPackage.java:192)
at org.apache.poi.xssf.usermodel.XSSFWorkbook.<init>(XSSFWorkbook.java:311)
at FileConnectionCode.ExcelFileReader.write(ExcelFileReader.java:25)
at java.base/jdk.internal.reflect.DirectMethodHandleAccessor.invoke(DirectMethodHandleAccessor.java:104)
at java.base/java.lang.reflect.Method.invoke(Method.java:577)
at org.testng.internal.MethodInvocationHelper.invokeMethod(MethodInvocationHelper.java:133)
at org.testng.internal.TestInvoker.invokeMethod(TestInvoker.java:598)
at org.testng.internal.TestInvoker.invokeTestMethod(TestInvoker.java:173)
at org.testng.internal.MethodRunner.runInSequence(MethodRunner.java:46)
at org.testng.internal.TestInvoker$MethodInvocationAgent.invoke(TestInvoker.java:824)
at org.testng.internal.TestInvoker.invokeTestMethods(TestInvoker.java:146)
at org.testng.internal.TestMethodWorker.invokeTestMethods(TestMethodWorker.java:146)
at org.testng.internal.TestMethodWorker.run(TestMethodWorker.java:128)
at java.base/java.util.ArrayList.forEach(ArrayList.java:1511)
at org.testng.TestRunner.privateRun(TestRunner.java:794)
at org.testng.TestRunner.run(TestRunner.java:596)
at org.testng.SuiteRunner.runTest(SuiteRunner.java:377)
at org.testng.SuiteRunner.runSequentially(SuiteRunner.java:371)
at org.testng.SuiteRunner.privateRun(SuiteRunner.java:332)
at org.testng.SuiteRunner.run(SuiteRunner.java:276)
at org.testng.SuiteRunnerWorker.runSuite(SuiteRunnerWorker.java:53)
at org.testng.SuiteRunnerWorker.run(SuiteRunnerWorker.java:96)
at org.testng.TestNG.runSuitesSequentially(TestNG.java:1212)
at org.testng.TestNG.runSuitesLocally(TestNG.java:1134)
at org.testng.TestNG.runSuites(TestNG.java:1063)
at org.testng.TestNG.run(TestNG.java:1031)
at org.testng.remote.AbstractRemoteTestNG.run(AbstractRemoteTestNG.java:115)
at org.testng.remote.RemoteTestNG.initAndRun(RemoteTestNG.java:251)
at org.testng.remote.RemoteTestNG.main(RemoteTestNG.java:77)
]]>
            </full-stacktrace>
          </exception> <!-- org.apache.poi.EmptyFileException -->
          <reporter-output>
          </reporter-output>
        </test-method> <!-- write -->
      </class> <!-- FileConnectionCode.ExcelFileReader -->
    </test> <!-- Default test -->
  </suite> <!-- Default suite -->
</testng-results>
